<?xml version="1.0" encoding="UTF-8"?>
<testng-results skipped="0" failed="0" ignored="0" total="1" passed="1">
  <reporter-output>
  </reporter-output>
  <suite name="Suite" duration-ms="32211" started-at="2020-09-24T15:32:48 EDT" finished-at="2020-09-24T15:33:20 EDT">
    <groups>
    </groups>
    <test name="Test" duration-ms="32211" started-at="2020-09-24T15:32:48 EDT" finished-at="2020-09-24T15:33:20 EDT">
      <class name="testCases.generalStore.TC2_AddingProducts">
        <test-method status="PASS" signature="addingProducts()[pri:0, instance:testCases.generalStore.TC2_AddingProducts@3712b94]" name="addingProducts" duration-ms="32189" started-at="2020-09-24T15:32:48 EDT" finished-at="2020-09-24T15:33:20 EDT">
          <reporter-output>
          </reporter-output>
        </test-method> <!-- addingProducts -->
      </class> <!-- testCases.generalStore.TC2_AddingProducts -->
    </test> <!-- Test -->
  </suite> <!-- Suite -->
</testng-results>
