<?xml version="1.0" encoding="UTF-8"?>
<testng-results skipped="0" failed="0" ignored="0" total="2" passed="2">
  <reporter-output>
  </reporter-output>
  <suite name="Suite" duration-ms="52321" started-at="2020-09-24T12:41:08 EDT" finished-at="2020-09-24T12:42:00 EDT">
    <groups>
    </groups>
    <test name="Test" duration-ms="52321" started-at="2020-09-24T12:41:08 EDT" finished-at="2020-09-24T12:42:00 EDT">
      <class name="testCases.apiDemo.ApiDemoTest">
        <test-method status="PASS" signature="killAllNodes()[pri:0, instance:testCases.apiDemo.ApiDemoTest@553a3d88]" name="killAllNodes" is-config="true" duration-ms="3022" started-at="2020-09-24T12:41:08 EDT" finished-at="2020-09-24T12:41:11 EDT">
          <reporter-output>
          </reporter-output>
        </test-method> <!-- killAllNodes -->
        <test-method status="PASS" signature="apiDemoTest(java.lang.String)[pri:0, instance:testCases.apiDemo.ApiDemoTest@553a3d88]" name="apiDemoTest" duration-ms="26967" started-at="2020-09-24T12:41:11 EDT" data-provider="InputData" finished-at="2020-09-24T12:41:38 EDT">
          <params>
            <param index="0">
              <value>
                <![CDATA[hello]]>
              </value>
            </param>
          </params>
          <reporter-output>
          </reporter-output>
        </test-method> <!-- apiDemoTest -->
        <test-method status="PASS" signature="apiDemoTest(java.lang.String)[pri:0, instance:testCases.apiDemo.ApiDemoTest@553a3d88]" name="apiDemoTest" duration-ms="22309" started-at="2020-09-24T12:41:38 EDT" data-provider="InputData" finished-at="2020-09-24T12:42:00 EDT">
          <params>
            <param index="0">
              <value>
                <![CDATA[!@#$%]]>
              </value>
            </param>
          </params>
          <reporter-output>
          </reporter-output>
        </test-method> <!-- apiDemoTest -->
      </class> <!-- testCases.apiDemo.ApiDemoTest -->
    </test> <!-- Test -->
  </suite> <!-- Suite -->
</testng-results>
